<?xml version="1.0" encoding="UTF-8"?>
<testng-results ignored="0" total="1" passed="0" failed="1" skipped="0">
  <reporter-output>
  </reporter-output>
  <suite started-at="2023-08-01T12:13:23 UYT" name="Mercado Libre Test Suite" finished-at="2023-08-01T12:13:54 UYT" duration-ms="30698">
    <groups>
    </groups>
    <test started-at="2023-08-01T12:13:23 UYT" name="Mercado Libre Tests" finished-at="2023-08-01T12:13:54 UYT" duration-ms="30698">
      <class name="mercadolibre.tests.ResultsTests">
        <test-method is-config="true" signature="setup()[pri:0, instance:mercadolibre.tests.ResultsTests@5119fb47]" started-at="2023-08-01T12:13:18 UYT" name="setup" finished-at="2023-08-01T12:13:23 UYT" duration-ms="5457" status="PASS">
          <reporter-output>
          </reporter-output>
        </test-method> <!-- setup -->
        <test-method signature="saveResultsToFileTest()[pri:0, instance:mercadolibre.tests.ResultsTests@5119fb47]" started-at="2023-08-01T12:13:23 UYT" name="saveResultsToFileTest" finished-at="2023-08-01T12:13:54 UYT" duration-ms="30647" status="FAIL">
          <exception class="java.nio.file.InvalidPathException">
            <message>
              <![CDATA[Illegal char <:> at index 2: /C:/productos-mercado-libre/productos-mercado-libre/target/test-classes/products.txt]]>
            </message>
            <full-stacktrace>
              <![CDATA[java.nio.file.InvalidPathException: Illegal char <:> at index 2: /C:/productos-mercado-libre/productos-mercado-libre/target/test-classes/products.txt
at java.base/sun.nio.fs.WindowsPathParser.normalize(WindowsPathParser.java:182)
at java.base/sun.nio.fs.WindowsPathParser.parse(WindowsPathParser.java:153)
at java.base/sun.nio.fs.WindowsPathParser.parse(WindowsPathParser.java:77)
at java.base/sun.nio.fs.WindowsPath.parse(WindowsPath.java:92)
at java.base/sun.nio.fs.WindowsFileSystem.getPath(WindowsFileSystem.java:232)
at java.base/java.nio.file.Path.of(Path.java:148)
at java.base/java.nio.file.Paths.get(Paths.java:69)
at mercadolibre.pom.pages.ResultsPage.saveResultsToFile(ResultsPage.java:58)
at mercadolibre.tests.ResultsTests.saveResultsToFileTest(ResultsTests.java:21)
at java.base/jdk.internal.reflect.DirectMethodHandleAccessor.invoke(DirectMethodHandleAccessor.java:104)
at java.base/java.lang.reflect.Method.invoke(Method.java:578)
at org.testng.internal.invokers.MethodInvocationHelper.invokeMethod(MethodInvocationHelper.java:139)
at org.testng.internal.invokers.TestInvoker.invokeMethod(TestInvoker.java:664)
at org.testng.internal.invokers.TestInvoker.invokeTestMethod(TestInvoker.java:227)
at org.testng.internal.invokers.MethodRunner.runInSequence(MethodRunner.java:50)
at org.testng.internal.invokers.TestInvoker$MethodInvocationAgent.invoke(TestInvoker.java:957)
at org.testng.internal.invokers.TestInvoker.invokeTestMethods(TestInvoker.java:200)
at org.testng.internal.invokers.TestMethodWorker.invokeTestMethods(TestMethodWorker.java:148)
at org.testng.internal.invokers.TestMethodWorker.run(TestMethodWorker.java:128)
at java.base/java.util.ArrayList.forEach(ArrayList.java:1511)
at org.testng.TestRunner.privateRun(TestRunner.java:848)
at org.testng.TestRunner.run(TestRunner.java:621)
at org.testng.SuiteRunner.runTest(SuiteRunner.java:443)
at org.testng.SuiteRunner.runSequentially(SuiteRunner.java:437)
at org.testng.SuiteRunner.privateRun(SuiteRunner.java:397)
at org.testng.SuiteRunner.run(SuiteRunner.java:336)
at org.testng.SuiteRunnerWorker.runSuite(SuiteRunnerWorker.java:52)
at org.testng.SuiteRunnerWorker.run(SuiteRunnerWorker.java:95)
at org.testng.TestNG.runSuitesSequentially(TestNG.java:1280)
at org.testng.TestNG.runSuitesLocally(TestNG.java:1200)
at org.testng.TestNG.runSuites(TestNG.java:1114)
at org.testng.TestNG.run(TestNG.java:1082)
at org.apache.maven.surefire.testng.TestNGExecutor.run(TestNGExecutor.java:284)
at org.apache.maven.surefire.testng.TestNGXmlTestSuite.execute(TestNGXmlTestSuite.java:75)
at org.apache.maven.surefire.testng.TestNGProvider.invoke(TestNGProvider.java:119)
at org.apache.maven.surefire.booter.ForkedBooter.runSuitesInProcess(ForkedBooter.java:428)
at org.apache.maven.surefire.booter.ForkedBooter.execute(ForkedBooter.java:162)
at org.apache.maven.surefire.booter.ForkedBooter.run(ForkedBooter.java:562)
at org.apache.maven.surefire.booter.ForkedBooter.main(ForkedBooter.java:548)
]]>
            </full-stacktrace>
          </exception> <!-- java.nio.file.InvalidPathException -->
          <reporter-output>
          </reporter-output>
        </test-method> <!-- saveResultsToFileTest -->
        <test-method is-config="true" signature="tearDown()[pri:0, instance:mercadolibre.tests.ResultsTests@5119fb47]" started-at="2023-08-01T12:13:54 UYT" name="tearDown" finished-at="2023-08-01T12:13:54 UYT" duration-ms="459" status="PASS">
          <reporter-output>
          </reporter-output>
        </test-method> <!-- tearDown -->
      </class> <!-- mercadolibre.tests.ResultsTests -->
    </test> <!-- Mercado Libre Tests -->
  </suite> <!-- Mercado Libre Test Suite -->
</testng-results>
