<?xml version="1.0" encoding="UTF-8"?>
<!-- Generated by org.testng.reporters.JUnitXMLReporter -->
<testsuite ignored="0" hostname="LAPTOP-SRECVMG4" failures="1" tests="1" name="Mercado Libre Tests" time="30.698" errors="0" timestamp="2023-08-01T12:13:54 UYT">
  <testcase classname="mercadolibre.tests.ResultsTests" name="saveResultsToFileTest" time="30.647">
    <failure type="java.nio.file.InvalidPathException" message="Illegal char &amp;lt;:&amp;gt; at index 2: /C:/productos-mercado-libre/productos-mercado-libre/target/test-classes/products.txt">
      <![CDATA[java.nio.file.InvalidPathException: Illegal char <:> at index 2: /C:/productos-mercado-libre/productos-mercado-libre/target/test-classes/products.txt
at java.base/sun.nio.fs.WindowsPathParser.normalize(WindowsPathParser.java:182)
at java.base/sun.nio.fs.WindowsPathParser.parse(WindowsPathParser.java:153)
at java.base/sun.nio.fs.WindowsPathParser.parse(WindowsPathParser.java:77)
at java.base/sun.nio.fs.WindowsPath.parse(WindowsPath.java:92)
at java.base/sun.nio.fs.WindowsFileSystem.getPath(WindowsFileSystem.java:232)
at java.base/java.nio.file.Path.of(Path.java:148)
at java.base/java.nio.file.Paths.get(Paths.java:69)
at mercadolibre.pom.pages.ResultsPage.saveResultsToFile(ResultsPage.java:58)
at mercadolibre.tests.ResultsTests.saveResultsToFileTest(ResultsTests.java:21)
at java.base/java.util.ArrayList.forEach(ArrayList.java:1511)
... Removed 29 stack frames]]>
    </failure>
  </testcase> <!-- saveResultsToFileTest -->
</testsuite> <!-- Mercado Libre Tests -->
